Performing C++ SOURCE FILE Test COMPILER_HAS_DEPRECATED_ATTR failed with the following output:
Change Dir: E:/GitProj/ToyEngine/msbuild/CMakeFiles/CMakeTmp

Run Build Command(s):C:/Program Files/Microsoft Visual Studio/2022/Community/MSBuild/Current/Bin/amd64/MSBuild.exe cmTC_ad12f.vcxproj /p:Configuration=Debug /p:Platform=x64 /p:VisualStudioVersion=17.0 /v:m && 用于 .NET Framework 的 Microsoft (R) 生成引擎版本 17.2.1+52cd2da31
版权所有(C) Microsoft Corporation。保留所有权利。

  Microsoft (R) C/C++ Optimizing Compiler Version 19.32.31329 for x64
  src.cxx
E:\GitProj\ToyEngine\msbuild\CMakeFiles\CMakeTmp\src.cxx(1,15): error C4430: missing type specifier - int assumed. Note: C++ does not support default-int [E:\GitProj\ToyEngine\msbuild\CMakeFiles\CMakeTmp\cmTC_ad12f.vcxproj]
E:\GitProj\ToyEngine\msbuild\CMakeFiles\CMakeTmp\src.cxx(1,16): error C2065: '__deprecated__': undeclared identifier [E:\GitProj\ToyEngine\msbuild\CMakeFiles\CMakeTmp\cmTC_ad12f.vcxproj]
  Copyright (C) Microsoft Corporation.  All rights reserved.
  cl /c /Zi /W1 /WX- /diagnostics:column /Od /Ob0 /D _MBCS /D WIN32 /D _WINDOWS /D COMPILER_HAS_DEPRECATED_ATTR /D "CMAKE_INTDIR=\"Debug\"" /Gm- /EHsc /RTC1 /MDd /GS /fp:precise /Zc:wchar_t /Zc:forScope /Zc:inline /std:c++20 /Fo"cmTC_ad12f.dir\Debug\\" /Fd"cmTC_ad12f.dir\Debug\vc143.pdb" /external:W1 /Gd /TP /errorReport:queue E:\GitProj\ToyEngine\msbuild\CMakeFiles\CMakeTmp\src.cxx
E:\GitProj\ToyEngine\msbuild\CMakeFiles\CMakeTmp\src.cxx(1,33): error C2062: type 'int' unexpected [E:\GitProj\ToyEngine\msbuild\CMakeFiles\CMakeTmp\cmTC_ad12f.vcxproj]
E:\GitProj\ToyEngine\msbuild\CMakeFiles\CMakeTmp\src.cxx(1,48): error C2143: syntax error: missing ';' before '{' [E:\GitProj\ToyEngine\msbuild\CMakeFiles\CMakeTmp\cmTC_ad12f.vcxproj]
E:\GitProj\ToyEngine\msbuild\CMakeFiles\CMakeTmp\src.cxx(1,48): error C2447: '{': missing function header (old-style formal list?) [E:\GitProj\ToyEngine\msbuild\CMakeFiles\CMakeTmp\cmTC_ad12f.vcxproj]
E:\GitProj\ToyEngine\msbuild\CMakeFiles\CMakeTmp\src.cxx(2,25): error C3861: 'somefunc': identifier not found [E:\GitProj\ToyEngine\msbuild\CMakeFiles\CMakeTmp\cmTC_ad12f.vcxproj]


Source file was:
__attribute__((__deprecated__)) int somefunc() { return 0; }
    int main() { return somefunc();}
